<?xml version="1.0" encoding="utf-8"?><testsuites><testsuite errors="0" failures="0" hostname="PC-VON-ANDRIN" name="pytest" skipped="0" tests="8" time="11.571" timestamp="2021-11-15T21:46:02.303250"><testcase classname="tests.test_direct_classifier" name="test_estimates_rock_correctly" time="1.917" /><testcase classname="tests.test_direct_classifier" name="test_estimates_scissor_correctly" time="0.630" /><testcase classname="tests.test_direct_classifier" name="test_estimates_paper_correctly" time="0.676" /><testcase classname="tests.test_direct_classifier" name="test_on_estimation_failure_returns_unknown" time="0.506" /><testcase classname="tests.test_knn_classifier" name="test_estimates_rock_correctly" time="1.323" /><testcase classname="tests.test_knn_classifier" name="test_estimates_scissor_correctly" time="1.188" /><testcase classname="tests.test_knn_classifier" name="test_estimates_paper_correctly" time="1.248" /><testcase classname="tests.test_knn_classifier" name="test_on_estimation_failure_returns_unknown" time="0.814" /></testsuite></testsuites>